140074
0 77 30241
0 131 30579
1 63 30045
1 73 31011
1 198 33287
2 10 32214
2 16 34134
2 24 31684
2 25 34239
2 37 32098
2 50 32626
2 167 31169
2 168 33975
2 172 33487
2 174 30376
3 19 31647
3 109 32418
3 134 30652
3 174 31899
3 187 32143
3 195 32723
4 12 30918
4 180 33066
5 26 34940
5 32 33567
5 38 30604
5 55 31382
5 78 34280
5 113 30966
5 126 30770
6 39 33928
6 40 30380
6 81 33904
6 141 30694
7 46 34356
7 64 32745
7 69 34492
7 84 33087
7 98 34857
7 140 31568
8 97 32976
8 101 31074
8 131 30120
9 10 31620
9 85 32454
9 89 33776
9 90 34981
9 147 31739
9 178 34516
9 181 31707
9 188 34067
10 41 32984
10 101 33653
10 184 32410
10 192 30086
11 47 32409
11 184 30156
11 191 32029
12 63 33283
12 155 32359
12 193 34609
13 192 30736
15 73 32374
15 91 31661
15 101 34583
15 162 31979
15 166 34010
17 112 33812
17 170 31531
17 193 32885
18 58 33565
18 65 33052
18 98 32334
19 116 34648
19 169 32586
19 192 32805
19 197 32286
21 101 32563
21 106 32357
21 162 31259
22 92 32953
23 73 31031
23 162 33741
23 169 31589
24 47 34687
24 63 34486
24 73 30070
24 116 34638
25 28 34986
25 40 31943
25 71 31059
26 83 32205
26 102 32113
27 40 33801
27 105 31185
27 115 31693
28 62 31975
28 67 32344
28 70 33618
28 78 32739
28 103 31192
28 114 30048
28 127 31910
28 135 33557
28 160 34844
28 175 32788
28 196 32958
29 31 33221
29 48 30096
29 69 32328
29 93 32711
29 126 34875
29 130 31226
29 181 30265
29 188 33324
30 81 34201
30 112 32400
30 170 33925
30 182 34250
31 97 32083
32 63 30952
32 71 31248
32 77 31514
32 155 30622
32 191 31836
33 82 31040
34 101 34347
35 100 30868
36 109 30195
36 120 30276
36 128 30184
36 167 33693
36 171 34109
36 183 32130
36 195 30973
37 104 33100
37 115 32111
37 150 30299
37 197 32135
38 96 33322
38 112 31872
38 116 30407
39 67 31851
39 108 31148
39 117 32847
39 160 31770
39 185 30207
40 70 33172
40 80 30753
40 175 33016
41 54 30358
41 56 30211
41 89 33408
41 103 31246
41 125 32179
41 134 31156
41 135 32246
41 140 32265
41 156 30724
42 82 33952
42 92 33813
43 110 32823
43 174 33601
44 47 33667
44 77 34690
44 105 31696
44 184 32195
44 198 32838
45 122 31576
45 192 33594
46 161 31897
47 50 33579
47 51 34411
47 72 34721
47 109 32325
47 135 32293
47 139 32536
47 142 34834
47 147 31695
47 157 34787
47 167 34726
47 174 30877
47 175 30255
47 179 32157
47 183 33898
48 162 30287
48 191 33166
49 104 30355
49 131 32857
50 71 34328
50 73 32779
50 119 34619
50 155 32386
51 155 32269
51 182 30790
52 66 33026
52 166 30259
53 115 32795
53 162 30454
53 169 32160
54 66 31885
54 92 30684
54 141 34007
55 92 31496
55 141 30228
55 182 30057
56 131 34821
57 169 30135
58 129 30237
58 150 33766
58 162 34869
59 63 31135
59 141 33558
59 169 30273
61 77 30708
62 193 30888
63 89 30116
63 123 31177
63 164 33578
63 190 34643
64 66 30038
64 141 33037
64 184 30247
66 132 33428
66 149 31705
66 156 31408
66 160 33260
66 172 30159
67 162 30024
67 186 32761
68 170 30813
68 191 30190
69 97 30600
70 97 30645
70 131 33745
71 78 31266
71 124 34574
71 132 32500
71 139 34016
72 81 34512
73 174 34211
74 155 34569
74 193 31758
75 82 34118
75 161 31722
76 192 33509
77 79 31021
77 80 31435
77 177 34050
77 185 34831
78 193 34458
79 96 34363
80 112 34813
80 166 33189
80 192 33424
81 85 31666
81 110 34665
81 140 31755
81 185 33092
82 113 30339
83 145 30534
83 168 31978
83 187 31539
84 119 32832
85 143 30482
85 186 34387
86 164 30577
88 92 31725
88 118 31817
89 92 34420
89 150 30809
90 97 33467
90 105 33341
90 116 32618
90 162 32942
90 186 31672
91 136 33515
91 151 34023
92 98 30922
92 154 34366
92 167 34152
93 191 34287
94 198 33996
95 112 33206
95 115 33373
95 121 32909
95 184 30843
95 193 34979
96 173 30607
96 177 32899
96 195 32617
97 113 32202
97 126 30433
97 158 32163
97 178 32523
98 112 31606
98 129 34629
98 152 32550
99 129 31767
99 182 30101
99 193 32535
100 198 31350
101 114 32436
101 167 31904
102 130 34177
102 165 33478
102 195 34878
103 104 31013
103 182 30667
104 113 30041
104 164 30126
104 188 31299
104 194 32486
105 109 34725
105 110 31683
105 117 34482
105 156 32892
106 130 30884
106 136 30500
106 159 32017
106 180 30767
107 133 31550
109 141 34271
109 192 34796
110 184 34378
110 186 33317
111 169 33855
112 147 31843
114 152 32377
114 162 34394
115 160 32636
115 171 34424
115 181 32875
115 189 30825
116 126 30293
116 138 31456
116 196 30710
117 191 34586
118 125 33892
118 156 33208
119 132 30981
120 131 32496
120 191 33552
121 124 31867
121 138 31783
121 153 32402
122 145 31359
122 158 32282
122 188 30692
123 197 34715
125 198 32692
128 184 33652
128 193 34897
129 174 34330
129 176 30003
129 180 32555
131 134 30943
132 161 34736
133 134 30464
135 143 34826
136 152 32974
137 141 30323
137 169 33959
137 198 33609
139 182 30898
141 176 31959
141 180 30716
142 161 33399
143 180 32662
144 166 31195
145 162 34460
145 191 34195
146 170 30561
146 182 34204
146 184 33482
147 182 34953
149 182 31921
150 163 31875
150 189 32494
151 169 31284
151 182 34353
151 197 30107
152 158 34061
152 160 33433
152 167 34972
152 168 33782
152 179 33586
155 173 33149
157 184 31420
159 192 30163
162 176 33826
165 193 34849
166 167 30130
166 181 33289
170 173 33934
171 184 32829
171 193 30649
173 192 33036
174 193 30388
175 186 32726
177 182 33957
177 186 31969
179 184 33253
183 197 31526
