2195324
10 30 206759
30 307 208632
30 414 211362
30 663 209264
30 668 200688
30 772 207154
37 101 204404
39 496 204152
74 86 212052
81 666 210269
86 91 202130
86 175 211507
86 183 202736
86 349 214923
86 701 211395
86 765 205585
95 666 207448
101 237 211491
101 364 203425
101 549 212344
101 561 210426
101 673 208589
101 787 213099
111 710 208444
119 496 204183
146 541 201455
172 541 203929
188 666 209828
223 710 214566
232 409 202811
235 541 207612
239 496 206053
277 666 209544
281 409 209241
331 496 213422
409 432 209412
409 569 203986
464 666 207185
496 586 207952
496 633 213499
541 671 205153
543 666 209249
559 666 214834
571 710 209064
709 710 204863
